TN:
SF:src/differ.js
FN:5,makeAST
FN:41,readFile
FN:48,getFileData
FN:57,differ
FNF:4
FNH:4
FNDA:1,makeAST
FNDA:2,readFile
FNDA:2,getFileData
FNDA:1,differ
DA:1,1
DA:2,1
DA:3,1
DA:4,1
DA:5,1
DA:6,1
DA:7,1
DA:8,1
DA:9,5
DA:10,1
DA:11,1
DA:12,1
DA:13,1
DA:14,1
DA:15,1
DA:16,4
DA:17,5
DA:18,2
DA:19,2
DA:20,2
DA:21,2
DA:22,2
DA:23,2
DA:24,2
DA:25,5
DA:26,1
DA:27,1
DA:28,1
DA:29,1
DA:30,1
DA:31,1
DA:32,1
DA:33,1
DA:34,1
DA:35,1
DA:36,1
DA:37,1
DA:38,1
DA:39,1
DA:40,1
DA:41,1
DA:42,2
DA:43,0
DA:44,0
DA:45,2
DA:46,2
DA:47,1
DA:48,1
DA:49,2
DA:50,2
DA:51,2
DA:52,0
DA:53,0
DA:54,0
DA:55,2
DA:56,1
DA:57,1
DA:58,1
DA:59,1
DA:60,1
DA:61,1
DA:62,1
DA:63,1
DA:64,1
DA:65,1
LF:65
LH:60
BRDA:5,0,0,1
BRDA:8,1,0,5
BRDA:9,2,0,1
BRDA:16,3,0,4
BRDA:17,4,0,2
BRDA:25,5,0,1
BRDA:41,6,0,2
BRDA:42,7,0,0
BRDA:48,8,0,2
BRDA:51,9,0,0
BRDA:57,10,0,1
BRF:11
BRH:9
end_of_record
TN:
SF:src/misc.js
FNF:0
FNH:0
DA:1,1
DA:2,1
DA:3,1
DA:4,1
DA:5,1
DA:6,1
LF:6
LH:6
BRF:0
BRH:0
end_of_record
TN:
SF:src/formatters/plain.js
FN:3,makePlainFormat
FNF:1
FNH:1
FNDA:1,makePlainFormat
DA:1,1
DA:2,1
DA:3,1
DA:4,1
DA:5,5
DA:6,5
DA:7,5
DA:8,5
DA:9,5
DA:10,5
DA:11,5
DA:12,5
DA:13,5
DA:14,5
DA:15,5
DA:16,5
DA:17,5
DA:18,5
DA:19,5
DA:20,1
DA:21,1
DA:22,1
DA:23,1
DA:24,1
DA:25,1
LF:25
LH:25
BRDA:3,0,0,1
BRDA:4,1,0,5
BRDA:6,2,0,1
BRDA:8,3,0,2
BRDA:10,4,0,1
BRDA:15,5,0,1
BRDA:17,6,0,0
BRF:7
BRH:6
end_of_record
